<?xml version="1.0" encoding="UTF-8" standalone="no"?>
<!DOCTYPE log SYSTEM "logger.dtd">
<log>
<record>
  <date>2017-02-15T16:07:55.769-0300</date>
  <logger>LUCAS CHRISTOPHER DE SOUZA SILVA</logger>
  <level>FINE</level>
  <message>File 115210934-LUCAS CHRISTOPHER DE SOUZA SILVA.zip was received. It was sent by LUCAS CHRISTOPHER DE SOUZA SILVA from IP 192.168.1.4</message>
</record>
</log>
<?xml version="1.0" encoding="UTF-8" standalone="no"?>
<!DOCTYPE log SYSTEM "logger.dtd">
<log>
<record>
  <date>2017-02-15T23:17:29.694-0300</date>
  <logger>LUCAS CHRISTOPHER DE SOUZA SILVA</logger>
  <level>FINE</level>
  <message>File 115210934-LUCAS CHRISTOPHER DE SOUZA SILVA.zip was received. It was sent by LUCAS CHRISTOPHER DE SOUZA SILVA from IP 192.168.1.4</message>
</record>
</log>
<?xml version="1.0" encoding="UTF-8" standalone="no"?>
<!DOCTYPE log SYSTEM "logger.dtd">
<log>
<record>
  <date>2017-02-15T23:24:03.638-0300</date>
  <logger>LUCAS CHRISTOPHER DE SOUZA SILVA</logger>
  <level>FINE</level>
  <message>File 115210934-LUCAS CHRISTOPHER DE SOUZA SILVA.zip was received. It was sent by LUCAS CHRISTOPHER DE SOUZA SILVA from IP 192.168.1.4</message>
</record>
