<?xml version="1.0" encoding="UTF-8" standalone="no"?>
<!DOCTYPE log SYSTEM "logger.dtd">
<log>
<record>
  <date>2017-02-20T14:20:01.985-0300</date>
  <logger>LUCAS CHRISTOPHER DE SOUZA SILVA</logger>
  <level>FINE</level>
  <message>File 115210934-LUCAS CHRISTOPHER DE SOUZA SILVA.zip was received. It was sent by LUCAS CHRISTOPHER DE SOUZA SILVA from IP 192.168.1.3</message>
</record>
</log>
<?xml version="1.0" encoding="UTF-8" standalone="no"?>
<!DOCTYPE log SYSTEM "logger.dtd">
<log>
<record>
  <date>2017-02-21T23:20:52.547-0300</date>
  <logger>LUCAS CHRISTOPHER DE SOUZA SILVA</logger>
  <level>FINE</level>
  <message>File 115210934-LUCAS CHRISTOPHER DE SOUZA SILVA.zip was received. It was sent by LUCAS CHRISTOPHER DE SOUZA SILVA from IP 192.168.1.4</message>
</record>
</log>
<?xml version="1.0" encoding="UTF-8" standalone="no"?>
<!DOCTYPE log SYSTEM "logger.dtd">
<log>
<record>
  <date>2017-02-22T11:46:36.174-0300</date>
  <logger>LUCAS CHRISTOPHER DE SOUZA SILVA</logger>
  <level>FINE</level>
  <message>File 115210934-LUCAS CHRISTOPHER DE SOUZA SILVA.zip was received. It was sent by LUCAS CHRISTOPHER DE SOUZA SILVA from IP 192.168.1.4</message>
</record>
</log>
<?xml version="1.0" encoding="UTF-8" standalone="no"?>
<!DOCTYPE log SYSTEM "logger.dtd">
<log>
<record>
  <date>2017-02-22T11:54:10.345-0300</date>
  <logger>LUCAS CHRISTOPHER DE SOUZA SILVA</logger>
  <level>FINE</level>
  <message>File 115210934-LUCAS CHRISTOPHER DE SOUZA SILVA.zip was received. It was sent by LUCAS CHRISTOPHER DE SOUZA SILVA from IP 192.168.1.4</message>
</record>
