<?xml version="1.0" encoding="UTF-8" standalone="no"?>
<!DOCTYPE log SYSTEM "logger.dtd">
<log>
<record>
  <date>2017-03-13T14:12:44.859-0300</date>
  <logger>LUCAS CHRISTOPHER DE SOUZA SILVA</logger>
  <level>FINE</level>
  <message>File 115210934-LUCAS CHRISTOPHER DE SOUZA SILVA.zip was received. It was sent by LUCAS CHRISTOPHER DE SOUZA SILVA from IP 192.168.1.5</message>
</record>
</log>
<?xml version="1.0" encoding="UTF-8" standalone="no"?>
<!DOCTYPE log SYSTEM "logger.dtd">
<log>
<record>
  <date>2017-03-13T23:48:59.709-0300</date>
  <logger>LUCAS CHRISTOPHER DE SOUZA SILVA</logger>
  <level>FINE</level>
  <message>File 115210934-LUCAS CHRISTOPHER DE SOUZA SILVA.zip was received. It was sent by LUCAS CHRISTOPHER DE SOUZA SILVA from IP 192.168.1.5</message>
</record>
</log>
<?xml version="1.0" encoding="UTF-8" standalone="no"?>
<!DOCTYPE log SYSTEM "logger.dtd">
<log>
<record>
  <date>2017-03-14T01:33:13.805-0300</date>
  <logger>LUCAS CHRISTOPHER DE SOUZA SILVA</logger>
  <level>FINE</level>
  <message>File 115210934-LUCAS CHRISTOPHER DE SOUZA SILVA.zip was received. It was sent by LUCAS CHRISTOPHER DE SOUZA SILVA from IP 192.168.1.5</message>
</record>
