<?xml version="1.0" encoding="UTF-8" standalone="no"?>
<!DOCTYPE log SYSTEM "logger.dtd">
<log>
<record>
  <date>2017-03-08T16:06:34.823-0300</date>
  <logger>LUCAS CHRISTOPHER DE SOUZA SILVA</logger>
  <level>FINE</level>
  <message>File 115210934-LUCAS CHRISTOPHER DE SOUZA SILVA.zip was received. It was sent by LUCAS CHRISTOPHER DE SOUZA SILVA from IP 150.165.74.116</message>
</record>
</log>
<?xml version="1.0" encoding="UTF-8" standalone="no"?>
<!DOCTYPE log SYSTEM "logger.dtd">
<log>
<record>
  <date>2017-03-08T16:38:24.297-0300</date>
  <logger>LUCAS CHRISTOPHER DE SOUZA SILVA</logger>
  <level>FINE</level>
  <message>File 115210934-LUCAS CHRISTOPHER DE SOUZA SILVA.zip was received. It was sent by LUCAS CHRISTOPHER DE SOUZA SILVA from IP 150.165.74.116</message>
</record>
</log>
<?xml version="1.0" encoding="UTF-8" standalone="no"?>
<!DOCTYPE log SYSTEM "logger.dtd">
<log>
<record>
  <date>2017-03-08T23:02:07.213-0300</date>
  <logger>LUCAS CHRISTOPHER DE SOUZA SILVA</logger>
  <level>FINE</level>
  <message>File 115210934-LUCAS CHRISTOPHER DE SOUZA SILVA.zip was received. It was sent by LUCAS CHRISTOPHER DE SOUZA SILVA from IP 192.168.1.4</message>
</record>
