<?xml version="1.0" encoding="UTF-8" standalone="no"?>
<!DOCTYPE log SYSTEM "logger.dtd">
<log>
<record>
  <date>2017-02-13T14:29:34.944-0300</date>
  <logger>LUCAS CHRISTOPHER DE SOUZA SILVA</logger>
  <level>FINE</level>
  <message>File 115210934-LUCAS CHRISTOPHER DE SOUZA SILVA.zip was received. It was sent by LUCAS CHRISTOPHER DE SOUZA SILVA from IP 192.168.1.4</message>
</record>
</log>
<?xml version="1.0" encoding="UTF-8" standalone="no"?>
<!DOCTYPE log SYSTEM "logger.dtd">
<log>
<record>
  <date>2017-02-13T21:21:15.086-0300</date>
  <logger>LUCAS CHRISTOPHER DE SOUZA SILVA</logger>
  <level>FINE</level>
  <message>File 115210934-LUCAS CHRISTOPHER DE SOUZA SILVA.zip was received. It was sent by LUCAS CHRISTOPHER DE SOUZA SILVA from IP 192.168.0.16</message>
</record>
</log>
<?xml version="1.0" encoding="UTF-8" standalone="no"?>
<!DOCTYPE log SYSTEM "logger.dtd">
<log>
<record>
  <date>2017-02-13T22:33:36.129-0300</date>
  <logger>LUCAS CHRISTOPHER DE SOUZA SILVA</logger>
  <level>FINE</level>
  <message>File 115210934-LUCAS CHRISTOPHER DE SOUZA SILVA.zip was received. It was sent by LUCAS CHRISTOPHER DE SOUZA SILVA from IP 192.168.0.16</message>
</record>
